[ 2026-06-20 20:04:41,312 ] 160 numexpr.utils - INFO - NumExpr defaulting to 4 threads.
[ 2026-06-20 20:04:46,244 ] 19 root - INFO - Intiate data ingestion component
[ 2026-06-20 20:04:49,137 ] 43 root - INFO - Fetched dataframe from MongoDB with shape: (11055, 31)
[ 2026-06-20 20:04:49,202 ] 66 root - INFO - Data exported to feature store: Artifacts\06_20_2026__20_04_41\data_ingestion\feature_store\phissingData.csv
[ 2026-06-20 20:04:49,208 ] 83 root - INFO - Performed train-test split.
[ 2026-06-20 20:04:49,274 ] 103 root - INFO - Train and Test files saved successfully.
[ 2026-06-20 20:04:49,275 ] 123 root - INFO - Data Ingestion completed successfully.
[ 2026-06-20 20:04:49,275 ] 21 root - INFO - Data Initiation component completed
[ 2026-06-20 20:04:49,306 ] 25 root - INFO - Intiate data validation component
[ 2026-06-20 20:04:49,407 ] 38 root - INFO - Required number of columns: 2
[ 2026-06-20 20:04:49,407 ] 39 root - INFO - DATAFRAME has columns: Index(['having_IP_Address', 'URL_Length', 'Shortining_Service',
       'having_At_Symbol', 'double_slash_redirecting', 'Prefix_Suffix',
       'having_Sub_Domain', 'SSLfinal_State', 'Domain_registeration_length',
       'Favicon', 'port', 'HTTPS_token', 'Request_URL', 'URL_of_Anchor',
       'Links_in_tags', 'SFH', 'Submitting_to_email', 'Abnormal_URL',
       'Redirect', 'on_mouseover', 'RightClick', 'popUpWidnow', 'Iframe',
       'age_of_domain', 'DNSRecord', 'web_traffic', 'Page_Rank',
       'Google_Index', 'Links_pointing_to_page', 'Statistical_report',
       'Result'],
      dtype='object')
[ 2026-06-20 20:04:49,407 ] 59 root - ERROR - Train dataframe does not contain all columns as per schema file: Index(['having_IP_Address', 'URL_Length', 'Shortining_Service',
       'having_At_Symbol', 'double_slash_redirecting', 'Prefix_Suffix',
       'having_Sub_Domain', 'SSLfinal_State', 'Domain_registeration_length',
       'Favicon', 'port', 'HTTPS_token', 'Request_URL', 'URL_of_Anchor',
       'Links_in_tags', 'SFH', 'Submitting_to_email', 'Abnormal_URL',
       'Redirect', 'on_mouseover', 'RightClick', 'popUpWidnow', 'Iframe',
       'age_of_domain', 'DNSRecord', 'web_traffic', 'Page_Rank',
       'Google_Index', 'Links_pointing_to_page', 'Statistical_report',
       'Result'],
      dtype='object')
[ 2026-06-20 20:04:49,407 ] 38 root - INFO - Required number of columns: 2
[ 2026-06-20 20:04:49,407 ] 39 root - INFO - DATAFRAME has columns: Index(['having_IP_Address', 'URL_Length', 'Shortining_Service',
       'having_At_Symbol', 'double_slash_redirecting', 'Prefix_Suffix',
       'having_Sub_Domain', 'SSLfinal_State', 'Domain_registeration_length',
       'Favicon', 'port', 'HTTPS_token', 'Request_URL', 'URL_of_Anchor',
       'Links_in_tags', 'SFH', 'Submitting_to_email', 'Abnormal_URL',
       'Redirect', 'on_mouseover', 'RightClick', 'popUpWidnow', 'Iframe',
       'age_of_domain', 'DNSRecord', 'web_traffic', 'Page_Rank',
       'Google_Index', 'Links_pointing_to_page', 'Statistical_report',
       'Result'],
      dtype='object')
[ 2026-06-20 20:04:49,408 ] 64 root - ERROR - Test dataframe does not contain all columns as per schema file: Index(['having_IP_Address', 'URL_Length', 'Shortining_Service',
       'having_At_Symbol', 'double_slash_redirecting', 'Prefix_Suffix',
       'having_Sub_Domain', 'SSLfinal_State', 'Domain_registeration_length',
       'Favicon', 'port', 'HTTPS_token', 'Request_URL', 'URL_of_Anchor',
       'Links_in_tags', 'SFH', 'Submitting_to_email', 'Abnormal_URL',
       'Redirect', 'on_mouseover', 'RightClick', 'popUpWidnow', 'Iframe',
       'age_of_domain', 'DNSRecord', 'web_traffic', 'Page_Rank',
       'Google_Index', 'Links_pointing_to_page', 'Statistical_report',
       'Result'],
      dtype='object')
[ 2026-06-20 20:04:49,410 ] 97 root - INFO - Column: having_IP_Address has drifted with p-value: 1.0
[ 2026-06-20 20:04:49,413 ] 97 root - INFO - Column: URL_Length has drifted with p-value: 0.9999971010402764
[ 2026-06-20 20:04:49,414 ] 97 root - INFO - Column: Shortining_Service has drifted with p-value: 1.0
[ 2026-06-20 20:04:49,415 ] 97 root - INFO - Column: having_At_Symbol has drifted with p-value: 1.0
[ 2026-06-20 20:04:49,416 ] 97 root - INFO - Column: double_slash_redirecting has drifted with p-value: 0.9999999998789996
[ 2026-06-20 20:04:49,419 ] 97 root - INFO - Column: Prefix_Suffix has drifted with p-value: 0.9995152509457711
[ 2026-06-20 20:04:49,421 ] 97 root - INFO - Column: having_Sub_Domain has drifted with p-value: 0.9999999999598222
[ 2026-06-20 20:04:49,426 ] 97 root - INFO - Column: SSLfinal_State has drifted with p-value: 0.45991477918984003
[ 2026-06-20 20:04:49,428 ] 97 root - INFO - Column: Domain_registeration_length has drifted with p-value: 0.9958579353974752
[ 2026-06-20 20:04:49,430 ] 97 root - INFO - Column: Favicon has drifted with p-value: 1.0
[ 2026-06-20 20:04:49,431 ] 97 root - INFO - Column: port has drifted with p-value: 1.0
[ 2026-06-20 20:04:49,432 ] 97 root - INFO - Column: HTTPS_token has drifted with p-value: 1.0
[ 2026-06-20 20:04:49,438 ] 97 root - INFO - Column: Request_URL has drifted with p-value: 0.2689286131324479
[ 2026-06-20 20:04:49,440 ] 97 root - INFO - Column: URL_of_Anchor has drifted with p-value: 0.9997752665277037
[ 2026-06-20 20:04:49,443 ] 97 root - INFO - Column: Links_in_tags has drifted with p-value: 0.9995152509457711
[ 2026-06-20 20:04:49,444 ] 97 root - INFO - Column: SFH has drifted with p-value: 1.0
[ 2026-06-20 20:04:49,446 ] 97 root - INFO - Column: Submitting_to_email has drifted with p-value: 0.9999953843756324
[ 2026-06-20 20:04:49,447 ] 97 root - INFO - Column: Abnormal_URL has drifted with p-value: 1.0
[ 2026-06-20 20:04:49,448 ] 97 root - INFO - Column: Redirect has drifted with p-value: 1.0
[ 2026-06-20 20:04:49,449 ] 97 root - INFO - Column: on_mouseover has drifted with p-value: 0.9999999999598222
[ 2026-06-20 20:04:49,450 ] 97 root - INFO - Column: RightClick has drifted with p-value: 1.0
[ 2026-06-20 20:04:49,451 ] 97 root - INFO - Column: popUpWidnow has drifted with p-value: 0.9999999991050752
[ 2026-06-20 20:04:49,452 ] 97 root - INFO - Column: Iframe has drifted with p-value: 1.0
[ 2026-06-20 20:04:49,455 ] 97 root - INFO - Column: age_of_domain has drifted with p-value: 0.9914952304622426
[ 2026-06-20 20:04:49,456 ] 97 root - INFO - Column: DNSRecord has drifted with p-value: 1.0
[ 2026-06-20 20:04:49,462 ] 97 root - INFO - Column: web_traffic has drifted with p-value: 0.5733052694150307
[ 2026-06-20 20:04:49,467 ] 97 root - INFO - Column: Page_Rank has drifted with p-value: 0.9876237011526984
[ 2026-06-20 20:04:49,469 ] 97 root - INFO - Column: Google_Index has drifted with p-value: 0.9999953843756324
[ 2026-06-20 20:04:49,472 ] 97 root - INFO - Column: Links_pointing_to_page has drifted with p-value: 0.9996208033369954
[ 2026-06-20 20:04:49,473 ] 97 root - INFO - Column: Statistical_report has drifted with p-value: 1.0
[ 2026-06-20 20:04:49,476 ] 97 root - INFO - Column: Result has drifted with p-value: 0.9086653866244705
[ 2026-06-20 20:04:49,532 ] 27 root - INFO - Data validation component completed
[ 2026-06-20 20:04:49,532 ] 31 root - INFO - data transformation started
[ 2026-06-20 20:04:49,532 ] 78 root - INFO - Entered initiate_data_transformation method
[ 2026-06-20 20:04:49,559 ] 52 root - INFO - Entered get_data_transformer_object method of DataTransformation class
[ 2026-06-20 20:04:49,559 ] 60 root - INFO - Initialized KNN Imputer
[ 2026-06-20 20:04:49,572 ] 55 root - INFO - Entered the save_object method of MainUtils
[ 2026-06-20 20:04:49,574 ] 65 root - INFO - Exited the save_object method of MainUtils
[ 2026-06-20 20:04:49,575 ] 36 root - INFO - data transformation stopped
[ 2026-06-20 20:04:49,575 ] 38 root - INFO - model training started
[ 2026-06-20 20:12:56,450 ] 55 root - INFO - Entered the save_object method of MainUtils
[ 2026-06-20 20:12:56,575 ] 65 root - INFO - Exited the save_object method of MainUtils
[ 2026-06-20 20:12:56,576 ] 133 root - INFO - Model_train_artifact is : ModelTrainerArtifact(trained_model_file_path='Artifacts\\06_20_2026__20_04_41\\model_trainer\\trained_model\\model.pkl', train_metric_artifact=ClassificationMetricArtifact(f1_score=0.9915470007129036, precision_score=0.9900345739271914, recall_score=0.993064055487556), test_metric_artifact=ClassificationMetricArtifact(f1_score=0.9715189873417721, precision_score=0.9646504320502749, recall_score=0.9784860557768924))
[ 2026-06-20 20:12:56,583 ] 43 root - INFO - Model Training artifact Created
