[ 2026-06-20 17:37:04,488 ] 160 numexpr.utils - INFO - NumExpr defaulting to 4 threads.
[ 2026-06-20 17:37:10,784 ] 19 root - INFO - Intiate data ingestion component
[ 2026-06-20 17:37:15,994 ] 43 root - INFO - Fetched dataframe from MongoDB with shape: (11055, 31)
[ 2026-06-20 17:37:16,053 ] 66 root - INFO - Data exported to feature store: Artifacts\06_20_2026__17_37_05\data_ingestion\feature_store\phissingData.csv
[ 2026-06-20 17:37:16,057 ] 83 root - INFO - Performed train-test split.
[ 2026-06-20 17:37:16,117 ] 103 root - INFO - Train and Test files saved successfully.
[ 2026-06-20 17:37:16,117 ] 123 root - INFO - Data Ingestion completed successfully.
[ 2026-06-20 17:37:16,117 ] 21 root - INFO - Data Initiation component completed
[ 2026-06-20 17:37:16,124 ] 25 root - INFO - Intiate data validation component
[ 2026-06-20 17:37:16,188 ] 38 root - INFO - Required number of columns: 2
[ 2026-06-20 17:37:16,189 ] 39 root - INFO - DATAFRAME has columns: Index(['having_IP_Address', 'URL_Length', 'Shortining_Service',
       'having_At_Symbol', 'double_slash_redirecting', 'Prefix_Suffix',
       'having_Sub_Domain', 'SSLfinal_State', 'Domain_registeration_length',
       'Favicon', 'port', 'HTTPS_token', 'Request_URL', 'URL_of_Anchor',
       'Links_in_tags', 'SFH', 'Submitting_to_email', 'Abnormal_URL',
       'Redirect', 'on_mouseover', 'RightClick', 'popUpWidnow', 'Iframe',
       'age_of_domain', 'DNSRecord', 'web_traffic', 'Page_Rank',
       'Google_Index', 'Links_pointing_to_page', 'Statistical_report',
       'Result'],
      dtype='object')
[ 2026-06-20 17:37:16,189 ] 59 root - ERROR - Train dataframe does not contain all columns as per schema file: Index(['having_IP_Address', 'URL_Length', 'Shortining_Service',
       'having_At_Symbol', 'double_slash_redirecting', 'Prefix_Suffix',
       'having_Sub_Domain', 'SSLfinal_State', 'Domain_registeration_length',
       'Favicon', 'port', 'HTTPS_token', 'Request_URL', 'URL_of_Anchor',
       'Links_in_tags', 'SFH', 'Submitting_to_email', 'Abnormal_URL',
       'Redirect', 'on_mouseover', 'RightClick', 'popUpWidnow', 'Iframe',
       'age_of_domain', 'DNSRecord', 'web_traffic', 'Page_Rank',
       'Google_Index', 'Links_pointing_to_page', 'Statistical_report',
       'Result'],
      dtype='object')
[ 2026-06-20 17:37:16,189 ] 38 root - INFO - Required number of columns: 2
[ 2026-06-20 17:37:16,189 ] 39 root - INFO - DATAFRAME has columns: Index(['having_IP_Address', 'URL_Length', 'Shortining_Service',
       'having_At_Symbol', 'double_slash_redirecting', 'Prefix_Suffix',
       'having_Sub_Domain', 'SSLfinal_State', 'Domain_registeration_length',
       'Favicon', 'port', 'HTTPS_token', 'Request_URL', 'URL_of_Anchor',
       'Links_in_tags', 'SFH', 'Submitting_to_email', 'Abnormal_URL',
       'Redirect', 'on_mouseover', 'RightClick', 'popUpWidnow', 'Iframe',
       'age_of_domain', 'DNSRecord', 'web_traffic', 'Page_Rank',
       'Google_Index', 'Links_pointing_to_page', 'Statistical_report',
       'Result'],
      dtype='object')
[ 2026-06-20 17:37:16,189 ] 64 root - ERROR - Test dataframe does not contain all columns as per schema file: Index(['having_IP_Address', 'URL_Length', 'Shortining_Service',
       'having_At_Symbol', 'double_slash_redirecting', 'Prefix_Suffix',
       'having_Sub_Domain', 'SSLfinal_State', 'Domain_registeration_length',
       'Favicon', 'port', 'HTTPS_token', 'Request_URL', 'URL_of_Anchor',
       'Links_in_tags', 'SFH', 'Submitting_to_email', 'Abnormal_URL',
       'Redirect', 'on_mouseover', 'RightClick', 'popUpWidnow', 'Iframe',
       'age_of_domain', 'DNSRecord', 'web_traffic', 'Page_Rank',
       'Google_Index', 'Links_pointing_to_page', 'Statistical_report',
       'Result'],
      dtype='object')
[ 2026-06-20 17:37:16,191 ] 97 root - INFO - Column: having_IP_Address has drifted with p-value: 1.0
[ 2026-06-20 17:37:16,195 ] 97 root - INFO - Column: URL_Length has drifted with p-value: 0.9999971010402764
[ 2026-06-20 17:37:16,196 ] 97 root - INFO - Column: Shortining_Service has drifted with p-value: 1.0
[ 2026-06-20 17:37:16,198 ] 97 root - INFO - Column: having_At_Symbol has drifted with p-value: 1.0
[ 2026-06-20 17:37:16,201 ] 97 root - INFO - Column: double_slash_redirecting has drifted with p-value: 0.9999999998789996
[ 2026-06-20 17:37:16,204 ] 97 root - INFO - Column: Prefix_Suffix has drifted with p-value: 0.9995152509457711
[ 2026-06-20 17:37:16,206 ] 97 root - INFO - Column: having_Sub_Domain has drifted with p-value: 0.9999999999598222
[ 2026-06-20 17:37:16,212 ] 97 root - INFO - Column: SSLfinal_State has drifted with p-value: 0.45991477918984003
[ 2026-06-20 17:37:16,215 ] 97 root - INFO - Column: Domain_registeration_length has drifted with p-value: 0.9958579353974752
[ 2026-06-20 17:37:16,217 ] 97 root - INFO - Column: Favicon has drifted with p-value: 1.0
[ 2026-06-20 17:37:16,218 ] 97 root - INFO - Column: port has drifted with p-value: 1.0
[ 2026-06-20 17:37:16,220 ] 97 root - INFO - Column: HTTPS_token has drifted with p-value: 1.0
[ 2026-06-20 17:37:16,225 ] 97 root - INFO - Column: Request_URL has drifted with p-value: 0.2689286131324479
[ 2026-06-20 17:37:16,228 ] 97 root - INFO - Column: URL_of_Anchor has drifted with p-value: 0.9997752665277037
[ 2026-06-20 17:37:16,231 ] 97 root - INFO - Column: Links_in_tags has drifted with p-value: 0.9995152509457711
[ 2026-06-20 17:37:16,234 ] 97 root - INFO - Column: SFH has drifted with p-value: 1.0
[ 2026-06-20 17:37:16,236 ] 97 root - INFO - Column: Submitting_to_email has drifted with p-value: 0.9999953843756324
[ 2026-06-20 17:37:16,238 ] 97 root - INFO - Column: Abnormal_URL has drifted with p-value: 1.0
[ 2026-06-20 17:37:16,240 ] 97 root - INFO - Column: Redirect has drifted with p-value: 1.0
[ 2026-06-20 17:37:16,241 ] 97 root - INFO - Column: on_mouseover has drifted with p-value: 0.9999999999598222
[ 2026-06-20 17:37:16,242 ] 97 root - INFO - Column: RightClick has drifted with p-value: 1.0
[ 2026-06-20 17:37:16,243 ] 97 root - INFO - Column: popUpWidnow has drifted with p-value: 0.9999999991050752
[ 2026-06-20 17:37:16,244 ] 97 root - INFO - Column: Iframe has drifted with p-value: 1.0
[ 2026-06-20 17:37:16,248 ] 97 root - INFO - Column: age_of_domain has drifted with p-value: 0.9914952304622426
[ 2026-06-20 17:37:16,250 ] 97 root - INFO - Column: DNSRecord has drifted with p-value: 1.0
[ 2026-06-20 17:37:16,254 ] 97 root - INFO - Column: web_traffic has drifted with p-value: 0.5733052694150307
[ 2026-06-20 17:37:16,258 ] 97 root - INFO - Column: Page_Rank has drifted with p-value: 0.9876237011526984
[ 2026-06-20 17:37:16,260 ] 97 root - INFO - Column: Google_Index has drifted with p-value: 0.9999953843756324
[ 2026-06-20 17:37:16,263 ] 97 root - INFO - Column: Links_pointing_to_page has drifted with p-value: 0.9996208033369954
[ 2026-06-20 17:37:16,265 ] 97 root - INFO - Column: Statistical_report has drifted with p-value: 1.0
[ 2026-06-20 17:37:16,269 ] 97 root - INFO - Column: Result has drifted with p-value: 0.9086653866244705
[ 2026-06-20 17:37:16,339 ] 27 root - INFO - Data validation component completed
[ 2026-06-20 17:37:16,339 ] 31 root - INFO - data transformation started
[ 2026-06-20 17:37:16,339 ] 78 root - INFO - Entered initiate_data_transformation method
[ 2026-06-20 17:37:16,364 ] 52 root - INFO - Entered get_data_transformer_object method of DataTransformation class
[ 2026-06-20 17:37:16,364 ] 60 root - INFO - Initialized KNN Imputer
[ 2026-06-20 17:37:16,378 ] 55 root - INFO - Entered the save_object method of MainUtils
[ 2026-06-20 17:37:16,380 ] 65 root - INFO - Exited the save_object method of MainUtils
[ 2026-06-20 17:37:16,385 ] 36 root - INFO - data transformation stopped
[ 2026-06-20 17:37:16,385 ] 38 root - INFO - model training started
