[ 2026-06-20 19:53:33,586 ] 160 numexpr.utils - INFO - NumExpr defaulting to 4 threads.
[ 2026-06-20 19:53:39,442 ] 19 root - INFO - Intiate data ingestion component
[ 2026-06-20 19:53:43,110 ] 43 root - INFO - Fetched dataframe from MongoDB with shape: (11055, 31)
[ 2026-06-20 19:53:43,173 ] 66 root - INFO - Data exported to feature store: Artifacts\06_20_2026__19_53_33\data_ingestion\feature_store\phissingData.csv
[ 2026-06-20 19:53:43,178 ] 83 root - INFO - Performed train-test split.
[ 2026-06-20 19:53:43,229 ] 103 root - INFO - Train and Test files saved successfully.
[ 2026-06-20 19:53:43,229 ] 123 root - INFO - Data Ingestion completed successfully.
[ 2026-06-20 19:53:43,229 ] 21 root - INFO - Data Initiation component completed
[ 2026-06-20 19:53:43,245 ] 25 root - INFO - Intiate data validation component
[ 2026-06-20 19:53:43,300 ] 38 root - INFO - Required number of columns: 2
[ 2026-06-20 19:53:43,301 ] 39 root - INFO - DATAFRAME has columns: Index(['having_IP_Address', 'URL_Length', 'Shortining_Service',
       'having_At_Symbol', 'double_slash_redirecting', 'Prefix_Suffix',
       'having_Sub_Domain', 'SSLfinal_State', 'Domain_registeration_length',
       'Favicon', 'port', 'HTTPS_token', 'Request_URL', 'URL_of_Anchor',
       'Links_in_tags', 'SFH', 'Submitting_to_email', 'Abnormal_URL',
       'Redirect', 'on_mouseover', 'RightClick', 'popUpWidnow', 'Iframe',
       'age_of_domain', 'DNSRecord', 'web_traffic', 'Page_Rank',
       'Google_Index', 'Links_pointing_to_page', 'Statistical_report',
       'Result'],
      dtype='object')
[ 2026-06-20 19:53:43,301 ] 59 root - ERROR - Train dataframe does not contain all columns as per schema file: Index(['having_IP_Address', 'URL_Length', 'Shortining_Service',
       'having_At_Symbol', 'double_slash_redirecting', 'Prefix_Suffix',
       'having_Sub_Domain', 'SSLfinal_State', 'Domain_registeration_length',
       'Favicon', 'port', 'HTTPS_token', 'Request_URL', 'URL_of_Anchor',
       'Links_in_tags', 'SFH', 'Submitting_to_email', 'Abnormal_URL',
       'Redirect', 'on_mouseover', 'RightClick', 'popUpWidnow', 'Iframe',
       'age_of_domain', 'DNSRecord', 'web_traffic', 'Page_Rank',
       'Google_Index', 'Links_pointing_to_page', 'Statistical_report',
       'Result'],
      dtype='object')
[ 2026-06-20 19:53:43,301 ] 38 root - INFO - Required number of columns: 2
[ 2026-06-20 19:53:43,301 ] 39 root - INFO - DATAFRAME has columns: Index(['having_IP_Address', 'URL_Length', 'Shortining_Service',
       'having_At_Symbol', 'double_slash_redirecting', 'Prefix_Suffix',
       'having_Sub_Domain', 'SSLfinal_State', 'Domain_registeration_length',
       'Favicon', 'port', 'HTTPS_token', 'Request_URL', 'URL_of_Anchor',
       'Links_in_tags', 'SFH', 'Submitting_to_email', 'Abnormal_URL',
       'Redirect', 'on_mouseover', 'RightClick', 'popUpWidnow', 'Iframe',
       'age_of_domain', 'DNSRecord', 'web_traffic', 'Page_Rank',
       'Google_Index', 'Links_pointing_to_page', 'Statistical_report',
       'Result'],
      dtype='object')
[ 2026-06-20 19:53:43,301 ] 64 root - ERROR - Test dataframe does not contain all columns as per schema file: Index(['having_IP_Address', 'URL_Length', 'Shortining_Service',
       'having_At_Symbol', 'double_slash_redirecting', 'Prefix_Suffix',
       'having_Sub_Domain', 'SSLfinal_State', 'Domain_registeration_length',
       'Favicon', 'port', 'HTTPS_token', 'Request_URL', 'URL_of_Anchor',
       'Links_in_tags', 'SFH', 'Submitting_to_email', 'Abnormal_URL',
       'Redirect', 'on_mouseover', 'RightClick', 'popUpWidnow', 'Iframe',
       'age_of_domain', 'DNSRecord', 'web_traffic', 'Page_Rank',
       'Google_Index', 'Links_pointing_to_page', 'Statistical_report',
       'Result'],
      dtype='object')
[ 2026-06-20 19:53:43,304 ] 97 root - INFO - Column: having_IP_Address has drifted with p-value: 1.0
[ 2026-06-20 19:53:43,307 ] 97 root - INFO - Column: URL_Length has drifted with p-value: 0.9999971010402764
[ 2026-06-20 19:53:43,308 ] 97 root - INFO - Column: Shortining_Service has drifted with p-value: 1.0
[ 2026-06-20 19:53:43,310 ] 97 root - INFO - Column: having_At_Symbol has drifted with p-value: 1.0
[ 2026-06-20 19:53:43,312 ] 97 root - INFO - Column: double_slash_redirecting has drifted with p-value: 0.9999999998789996
[ 2026-06-20 19:53:43,315 ] 97 root - INFO - Column: Prefix_Suffix has drifted with p-value: 0.9995152509457711
[ 2026-06-20 19:53:43,317 ] 97 root - INFO - Column: having_Sub_Domain has drifted with p-value: 0.9999999999598222
[ 2026-06-20 19:53:43,322 ] 97 root - INFO - Column: SSLfinal_State has drifted with p-value: 0.45991477918984003
[ 2026-06-20 19:53:43,324 ] 97 root - INFO - Column: Domain_registeration_length has drifted with p-value: 0.9958579353974752
[ 2026-06-20 19:53:43,328 ] 97 root - INFO - Column: Favicon has drifted with p-value: 1.0
[ 2026-06-20 19:53:43,331 ] 97 root - INFO - Column: port has drifted with p-value: 1.0
[ 2026-06-20 19:53:43,334 ] 97 root - INFO - Column: HTTPS_token has drifted with p-value: 1.0
[ 2026-06-20 19:53:43,341 ] 97 root - INFO - Column: Request_URL has drifted with p-value: 0.2689286131324479
[ 2026-06-20 19:53:43,344 ] 97 root - INFO - Column: URL_of_Anchor has drifted with p-value: 0.9997752665277037
[ 2026-06-20 19:53:43,347 ] 97 root - INFO - Column: Links_in_tags has drifted with p-value: 0.9995152509457711
[ 2026-06-20 19:53:43,349 ] 97 root - INFO - Column: SFH has drifted with p-value: 1.0
[ 2026-06-20 19:53:43,350 ] 97 root - INFO - Column: Submitting_to_email has drifted with p-value: 0.9999953843756324
[ 2026-06-20 19:53:43,351 ] 97 root - INFO - Column: Abnormal_URL has drifted with p-value: 1.0
[ 2026-06-20 19:53:43,353 ] 97 root - INFO - Column: Redirect has drifted with p-value: 1.0
[ 2026-06-20 19:53:43,354 ] 97 root - INFO - Column: on_mouseover has drifted with p-value: 0.9999999999598222
[ 2026-06-20 19:53:43,355 ] 97 root - INFO - Column: RightClick has drifted with p-value: 1.0
[ 2026-06-20 19:53:43,356 ] 97 root - INFO - Column: popUpWidnow has drifted with p-value: 0.9999999991050752
[ 2026-06-20 19:53:43,357 ] 97 root - INFO - Column: Iframe has drifted with p-value: 1.0
[ 2026-06-20 19:53:43,361 ] 97 root - INFO - Column: age_of_domain has drifted with p-value: 0.9914952304622426
[ 2026-06-20 19:53:43,363 ] 97 root - INFO - Column: DNSRecord has drifted with p-value: 1.0
[ 2026-06-20 19:53:43,369 ] 97 root - INFO - Column: web_traffic has drifted with p-value: 0.5733052694150307
[ 2026-06-20 19:53:43,373 ] 97 root - INFO - Column: Page_Rank has drifted with p-value: 0.9876237011526984
[ 2026-06-20 19:53:43,374 ] 97 root - INFO - Column: Google_Index has drifted with p-value: 0.9999953843756324
[ 2026-06-20 19:53:43,377 ] 97 root - INFO - Column: Links_pointing_to_page has drifted with p-value: 0.9996208033369954
[ 2026-06-20 19:53:43,378 ] 97 root - INFO - Column: Statistical_report has drifted with p-value: 1.0
[ 2026-06-20 19:53:43,382 ] 97 root - INFO - Column: Result has drifted with p-value: 0.9086653866244705
[ 2026-06-20 19:53:43,435 ] 27 root - INFO - Data validation component completed
[ 2026-06-20 19:53:43,435 ] 31 root - INFO - data transformation started
[ 2026-06-20 19:53:43,435 ] 78 root - INFO - Entered initiate_data_transformation method
[ 2026-06-20 19:53:43,462 ] 52 root - INFO - Entered get_data_transformer_object method of DataTransformation class
[ 2026-06-20 19:53:43,462 ] 60 root - INFO - Initialized KNN Imputer
[ 2026-06-20 19:53:43,478 ] 55 root - INFO - Entered the save_object method of MainUtils
[ 2026-06-20 19:53:43,481 ] 65 root - INFO - Exited the save_object method of MainUtils
[ 2026-06-20 19:53:43,482 ] 36 root - INFO - data transformation stopped
[ 2026-06-20 19:53:43,482 ] 38 root - INFO - model training started
